"../../../../../games/UnrealEngine/need_a_light/NeedALight/Content/Sound/Evil_Tentacles_Project_V2.uasset" 0
"../../../../../games/UnrealEngine/need_a_light/NeedALight/Content/Sound/Lovecraftian_Growl_THE_SEQUEL.uasset" 1
"../../../../../games/UnrealEngine/need_a_light/NeedALight/Content/Widgets/HUD/Preview.uasset" 2
"../../../../../games/UnrealEngine/need_a_light/NeedALight/Content/Widgets/HUD/Simple_Circle.uasset" 3
"../../../../../games/UnrealEngine/need_a_light/NeedALight/Content/Widgets/HUD/Text_Box.uasset" 4
"../../../../../games/UnrealEngine/need_a_light/NeedALight/Content/Widgets/HUD/Bars/Exp/1.uasset" 5
"../../../../../games/UnrealEngine/need_a_light/NeedALight/Content/Widgets/HUD/Bars/Exp/2.uasset" 6
"../../../../../games/UnrealEngine/need_a_light/NeedALight/Content/Widgets/HUD/Bars/Exp/3.uasset" 7
"../../../../../games/UnrealEngine/need_a_light/NeedALight/Content/Widgets/HUD/Bars/Exp/Large_Blank.uasset" 8
"../../../../../games/UnrealEngine/need_a_light/NeedALight/Content/Widgets/HUD/Bars/Exp/Simple_Blank.uasset" 9
"../../../../../games/UnrealEngine/need_a_light/NeedALight/Content/Widgets/HUD/Bars/Others/Horizontal/Arrow_Left_0.uasset" 10
"../../../../../games/UnrealEngine/need_a_light/NeedALight/Content/Widgets/HUD/Bars/Others/Horizontal/Arrow_Left_1.uasset" 11
"../../../../../games/UnrealEngine/need_a_light/NeedALight/Content/Widgets/HUD/Bars/Others/Horizontal/Arrow_Right_0.uasset" 12
"../../../../../games/UnrealEngine/need_a_light/NeedALight/Content/Widgets/HUD/Bars/Others/Horizontal/Arrow_Right_1.uasset" 13
"../../../../../games/UnrealEngine/need_a_light/NeedALight/Content/Widgets/HUD/Bars/Others/Horizontal/Bar_0.uasset" 14
"../../../../../games/UnrealEngine/need_a_light/NeedALight/Content/Widgets/HUD/Bars/Others/Horizontal/Bar_1.uasset" 15
"../../../../../games/UnrealEngine/need_a_light/NeedALight/Content/Widgets/HUD/Bars/Others/Horizontal/Left_0.uasset" 16
"../../../../../games/UnrealEngine/need_a_light/NeedALight/Content/Widgets/HUD/Bars/Others/Horizontal/Left_1.uasset" 17
"../../../../../games/UnrealEngine/need_a_light/NeedALight/Content/Widgets/HUD/Bars/Others/Horizontal/Modulable_0.uasset" 18
"../../../../../games/UnrealEngine/need_a_light/NeedALight/Content/Widgets/HUD/Bars/Others/Horizontal/Modulable_1.uasset" 19
"../../../../../games/UnrealEngine/need_a_light/NeedALight/Content/Widgets/HUD/Bars/Others/Horizontal/Right_0.uasset" 20
"../../../../../games/UnrealEngine/need_a_light/NeedALight/Content/Widgets/HUD/Bars/Others/Horizontal/Right_1.uasset" 21
"../../../../../games/UnrealEngine/need_a_light/NeedALight/Content/Widgets/HUD/Bars/Others/Horizontal/Switch_0.uasset" 22
"../../../../../games/UnrealEngine/need_a_light/NeedALight/Content/Widgets/HUD/Bars/Others/Horizontal/Switch_1.uasset" 23
"../../../../../games/UnrealEngine/need_a_light/NeedALight/Content/Widgets/HUD/Bars/Others/Vertical/Arrow_Down_1.uasset" 24
"../../../../../games/UnrealEngine/need_a_light/NeedALight/Content/Widgets/HUD/Bars/Others/Vertical/Arrow_Up_0.uasset" 25
"../../../../../games/UnrealEngine/need_a_light/NeedALight/Content/Widgets/HUD/Bars/Others/Vertical/Arrow_Up_1.uasset" 26
"../../../../../games/UnrealEngine/need_a_light/NeedALight/Content/Widgets/HUD/Bars/Others/Vertical/Bar_0.uasset" 27
"../../../../../games/UnrealEngine/need_a_light/NeedALight/Content/Widgets/HUD/Bars/Others/Vertical/Bar_1.uasset" 28
"../../../../../games/UnrealEngine/need_a_light/NeedALight/Content/Widgets/HUD/Bars/Others/Vertical/Down_0.uasset" 29
"../../../../../games/UnrealEngine/need_a_light/NeedALight/Content/Widgets/HUD/Bars/Others/Vertical/Down_1.uasset" 30
"../../../../../games/UnrealEngine/need_a_light/NeedALight/Content/Widgets/HUD/Bars/Others/Vertical/Modulable_0.uasset" 31
"../../../../../games/UnrealEngine/need_a_light/NeedALight/Content/Widgets/HUD/Bars/Others/Vertical/Modulable_1.uasset" 32
"../../../../../games/UnrealEngine/need_a_light/NeedALight/Content/Widgets/HUD/Bars/Others/Vertical/Up_0.uasset" 33
"../../../../../games/UnrealEngine/need_a_light/NeedALight/Content/Widgets/HUD/Bars/Others/Vertical/Up_1.uasset" 34
"../../../../../games/UnrealEngine/need_a_light/NeedALight/Content/Widgets/HUD/Bars/Spells/Lock_0.uasset" 35
"../../../../../games/UnrealEngine/need_a_light/NeedALight/Content/Widgets/HUD/Bars/Spells/Lock_1.uasset" 36
"../../../../../games/UnrealEngine/need_a_light/NeedALight/Content/Widgets/HUD/Bars/Spells/Modulable_1.uasset" 37
"../../../../../games/UnrealEngine/need_a_light/NeedALight/Content/Widgets/HUD/Bars/Spells/Spells_0.uasset" 38
"../../../../../games/UnrealEngine/need_a_light/NeedALight/Content/Widgets/HUD/Bars/Spells/Spells_1.uasset" 39
"../../../../../games/UnrealEngine/need_a_light/NeedALight/Content/Widgets/HUD/Buttons/Back.uasset" 40
"../../../../../games/UnrealEngine/need_a_light/NeedALight/Content/Widgets/HUD/Buttons/Cancel_0.uasset" 41
"../../../../../games/UnrealEngine/need_a_light/NeedALight/Content/Widgets/HUD/Buttons/Cancel_1.uasset" 42
"../../../../../games/UnrealEngine/need_a_light/NeedALight/Content/Widgets/HUD/Buttons/Heart_0.uasset" 43
"../../../../../games/UnrealEngine/need_a_light/NeedALight/Content/Widgets/HUD/Buttons/Heart_0_Back.uasset" 44
"../../../../../games/UnrealEngine/need_a_light/NeedALight/Content/Widgets/HUD/Buttons/Heart_1.uasset" 45
"../../../../../games/UnrealEngine/need_a_light/NeedALight/Content/Widgets/HUD/Buttons/Heart_1_Back.uasset" 46
"../../../../../games/UnrealEngine/need_a_light/NeedALight/Content/Widgets/HUD/Buttons/Mouse_Pointer.uasset" 47
"../../../../../games/UnrealEngine/need_a_light/NeedALight/Content/Widgets/HUD/Buttons/OK_0.uasset" 48
"../../../../../games/UnrealEngine/need_a_light/NeedALight/Content/Widgets/HUD/Buttons/OK_1.uasset" 49
"../../../../../games/UnrealEngine/need_a_light/NeedALight/Content/Widgets/HUD/Buttons/Options.uasset" 50
"../../../../../games/UnrealEngine/need_a_light/NeedALight/Content/Widgets/HUD/Buttons/Reset.uasset" 51
"../../../../../games/UnrealEngine/need_a_light/NeedALight/Content/Widgets/HUD/Buttons/Save_0.uasset" 52
"../../../../../games/UnrealEngine/need_a_light/NeedALight/Content/Widgets/HUD/Buttons/Save_1.uasset" 53
"../../../../../games/UnrealEngine/need_a_light/NeedALight/Content/Widgets/HUD/Buttons/Volume_0.uasset" 54
"../../../../../games/UnrealEngine/need_a_light/NeedALight/Content/Widgets/HUD/Buttons/Volume_1.uasset" 55
"../../../../../games/UnrealEngine/need_a_light/NeedALight/Content/Widgets/HUD/Buttons/Volume_2.uasset" 56
"../../../../../games/UnrealEngine/need_a_light/NeedALight/Content/Widgets/HUD/Buttons/Volume_3.uasset" 57
"../../../../../games/UnrealEngine/need_a_light/NeedALight/Content/Widgets/HUD/Character/Heal_1.uasset" 58
"../../../../../games/UnrealEngine/need_a_light/NeedALight/Content/Widgets/HUD/Character/Heal_2.uasset" 59
"../../../../../games/UnrealEngine/need_a_light/NeedALight/Content/Widgets/HUD/Character/Mana.uasset" 60
"../../../../../games/UnrealEngine/need_a_light/NeedALight/Content/Widgets/HUD/Character/Portrait.uasset" 61
"../../../Engine/Content/Animation/DefaultAnimCurveCompressionSettings.uasset" 62
"../../../Engine/Content/Functions/Engine_MaterialFunctions01/Opacity/CameraDepthFade.uasset" 63
"../../../Engine/Content/EngineMaterials/T_Default_Material_Grid_M.uasset" 64
"../../../Engine/Content/EngineMaterials/T_Default_Material_Grid_N.uasset" 65
"../../../Engine/Content/EngineMaterials/WorldGridMaterial.uasset" 66
"../../../Engine/Content/ArtTools/RenderToTexture/Meshes/S_1_Unit_Plane.uasset" 67
"../../../Engine/Content/EngineMaterials/DefaultMaterial.uasset" 68
"../../../Engine/Content/BasicShapes/Cone.uasset" 69
"../../../Engine/Content/BasicShapes/Cube.uasset" 70
"../../../Engine/Content/BasicShapes/Cylinder.uasset" 71
"../../../Engine/Content/BasicShapes/Plane.uasset" 72
"../../../Engine/Content/BasicShapes/Sphere.uasset" 73
"../../../Engine/Content/EditorLandscapeResources/DataLayer.uasset" 74
"../../../Engine/Content/EditorMaterials/GizmoMaterial.uasset" 75
"../../../Engine/Content/EditorMaterials/MAT_Groups_Toggle.uasset" 76
"../../../Engine/Content/EditorMaterials/MAT_Groups_Visibility.uasset" 77
"../../../Engine/Content/EditorMaterials/PreviewShadowIndicator.uasset" 78
"../../../Engine/Content/EditorMaterials/PreviewShadowIndicatorMaterial.uasset" 79
"../../../Engine/Content/EditorMaterials/MatineeGroups/MAT_ColorTrack.uasset" 80
"../../../Engine/Content/EditorMaterials/MatineeGroups/MAT_Groups_Anim.uasset" 81
"../../../Engine/Content/EditorMaterials/MatineeGroups/MAT_Groups_AudioMaster.uasset" 82
"../../../Engine/Content/EditorMaterials/MatineeGroups/MAT_Groups_Director.uasset" 83
"../../../Engine/Content/EditorMaterials/MatineeGroups/MAT_Groups_Event.uasset" 84
"../../../Engine/Content/EditorMaterials/MatineeGroups/MAT_Groups_Fade.uasset" 85
"../../../Engine/Content/EditorMaterials/MatineeGroups/MAT_Groups_Float.uasset" 86
"../../../Engine/Content/EditorMaterials/MatineeGroups/MAT_Groups_Move.uasset" 87
"../../../Engine/Content/EditorMaterials/MatineeGroups/MAT_Groups_Slomo.uasset" 88
"../../../Engine/Content/EditorMaterials/MatineeGroups/MAT_Groups_Sound.uasset" 89
"../../../Engine/Content/EditorMaterials/MatineeGroups/MAT_Groups_Vector.uasset" 90
"../../../Engine/Content/EditorMaterials/ParticleSystems/PSysThumbnail_NoImage.uasset" 91
"../../../Engine/Content/EditorMaterials/ParticleSystems/PSysThumbnail_OOD.uasset" 92
"../../../Engine/Content/EditorMaterials/Camera/CineMat.uasset" 93
"../../../Engine/Content/EditorMaterials/Camera/MI_CineMat_Rig.uasset" 94
"../../../Engine/Content/EditorMeshes/Camera/SM_CraneRig_Arm.uasset" 95
"../../../Engine/Content/EditorMeshes/Camera/SM_CraneRig_Base.uasset" 96
"../../../Engine/Content/EditorMeshes/Camera/SM_CraneRig_Body.uasset" 97
"../../../Engine/Content/EditorMeshes/Camera/SM_CraneRig_Mount.uasset" 98
"../../../Engine/Content/EditorMeshes/Camera/SM_RailRig_Mount.uasset" 99
"../../../Engine/Content/EditorMeshes/Camera/SM_RailRig_Track.uasset" 100
"../../../Engine/Content/EditorResources/BSPVertex.uasset" 101
"../../../Engine/Content/EditorResources/EmptyActor.uasset" 102
"../../../Engine/Content/EditorResources/S_Actor.uasset" 103
"../../../Engine/Content/EditorResources/S_Note.uasset" 104
"../../../Engine/Content/EditorResources/S_Solver.uasset" 105
"../../../Engine/Content/EditorResources/S_Trigger.uasset" 106
"../../../Engine/Content/EditorResources/AudioIcons/S_AudioComponent_AutoActivate.uasset" 107
"../../../Engine/Content/EditorResources/LightIcons/S_LightError.uasset" 108
"../../../Engine/Content/EditorResources/SequenceRecorder/Countdown.uasset" 109
"../../../Engine/Content/EditorResources/SequenceRecorder/RecordingIndicator.uasset" 110
"../../../Engine/Content/EditorSounds/Notifications/CompileFailed.uasset" 111
"../../../Engine/Content/EditorSounds/Notifications/CompileFailed_Cue.uasset" 112
"../../../Engine/Content/EditorSounds/Notifications/CompileSuccess.uasset" 113
"../../../Engine/Content/EditorSounds/Notifications/CompileStart_Cue.uasset" 114
"../../../Engine/Content/EditorSounds/Notifications/CompileSuccess_Cue.uasset" 115
"../../../Engine/Content/EngineDamageTypes/DmgTypeBP_Environmental.uasset" 116
"../../../Engine/Content/EngineDebugMaterials/HeatmapGradient.uasset" 117
"../../../Engine/Content/EngineDebugMaterials/BoneWeightMaterial.uasset" 118
"../../../Engine/Content/EngineDebugMaterials/ClothMaterial.uasset" 119
"../../../Engine/Content/EngineDebugMaterials/ClothMaterial_WF.uasset" 120
"../../../Engine/Content/EngineDebugMaterials/DebugEditorMaterial.uasset" 121
"../../../Engine/Content/EngineDebugMaterials/DebugMeshMaterial.uasset" 122
"../../../Engine/Content/EngineDebugMaterials/GeomMaterial.uasset" 123
"../../../Engine/Content/EngineDebugMaterials/M_SimpleTranslucent.uasset" 124
"../../../Engine/Content/Functions/Engine_MaterialFunctions02/Utility/CameraDirectionVector.uasset" 125
"../../../Engine/Content/EngineDebugMaterials/VolumeToRender.uasset" 126
"../../../Engine/Content/EngineDebugMaterials/M_VolumeRenderSphereTracePP.uasset" 127
"../../../Engine/Content/EngineDebugMaterials/WireframeMaterial.uasset" 128
"../../../Engine/Content/EngineFonts/Faces/RobotoBold.uasset" 129
"../../../Engine/Content/EngineFonts/Faces/RobotoBoldItalic.uasset" 130
"../../../Engine/Content/EngineFonts/Faces/RobotoItalic.uasset" 131
"../../../Engine/Content/EngineFonts/Faces/RobotoLight.uasset" 132
"../../../Engine/Content/EngineFonts/Faces/RobotoRegular.uasset" 133
"../../../Engine/Content/EngineFonts/Roboto.uasset" 134
"../../../Engine/Content/EngineFonts/Faces/RobotoTiny.uasset" 135
"../../../Engine/Content/EngineFonts/RobotoTiny.uasset" 136
"../../../Engine/Content/EngineMaterials/BaseFlattenDiffuseMap.uasset" 137
"../../../Engine/Content/EngineMaterials/BaseFlattenEmissiveMap.uasset" 138
"../../../Engine/Content/EngineMaterials/BaseFlattenGrayscaleMap.uasset" 139
"../../../Engine/Content/EngineMaterials/BaseFlattenNormalMap.uasset" 140
"../../../Engine/Content/EngineMaterials/BaseFlattenMaterial.uasset" 141
"../../../Engine/Content/EngineMaterials/BlueNoise.uasset" 142
"../../../Engine/Content/EngineMaterials/DefaultBloomKernel.uasset" 143
"../../../Engine/Content/EngineMaterials/DefaultBokeh.uasset" 144
"../../../Engine/Content/EngineMaterials/DefaultDiffuse.uasset" 145
"../../../Engine/Content/EngineMaterials/DefaultDeferredDecalMaterial.uasset" 146
"../../../Engine/Content/EngineMaterials/DefaultLightFunctionMaterial.uasset" 147
"../../../Engine/Content/EngineMaterials/DefaultPhysicalMaterial.uasset" 148
"../../../Engine/Content/Functions/Engine_MaterialFunctions02/Utility/BreakOutFloat2Components.uasset" 149
"../../../Engine/Content/EngineMaterials/DefaultPostProcessMaterial.uasset" 150
"../../../Engine/Content/EngineFonts/RobotoDistanceField.uasset" 151
"../../../Engine/Content/EngineMaterials/DefaultTextMaterialOpaque.uasset" 152
"../../../Engine/Content/EngineMaterials/DefaultVirtualTextureMaterial.uasset" 153
"../../../Engine/Content/EngineMaterials/DefaultWhiteGrid.uasset" 154
"../../../Engine/Content/EngineMaterials/EditorBrushMaterial.uasset" 155
"../../../Engine/Content/EngineMaterials/DefaultWhiteGrid_Low.uasset" 156
"../../../Engine/Content/EngineMaterials/EmissiveMeshMaterial.uasset" 157
"../../../Engine/Content/EngineMaterials/Good64x64TilingNoiseHighFreq.uasset" 158
"../../../Engine/Content/EngineMaterials/MiniFont.uasset" 159
"../../../Engine/Content/EngineMaterials/InvalidLightmapSettings.uasset" 160
"../../../Engine/Content/EngineMaterials/M_InvalidLightmapSettings.uasset" 161
"../../../Engine/Content/Functions/Engine_MaterialFunctions02/WorldPositionOffset/CameraOffset.uasset" 162
"../../../Engine/Content/EngineMaterials/PhAT_JointLimitMaterial.uasset" 163
"../../../Engine/Content/EngineMaterials/PreintegratedSkinBRDF.uasset" 164
"../../../Engine/Content/EngineMaterials/RemoveSurfaceMaterial.uasset" 165
"../../../Engine/Content/EngineMaterials/WeightMapPlaceholderTexture.uasset" 166
"../../../Engine/Content/EngineResources/WhiteSquareTexture.uasset" 167
"../../../Engine/Content/EngineMaterials/Widget3DPassThrough.uasset" 168
"../../../Engine/Content/EngineMaterials/Widget3DPassThrough_Masked.uasset" 169
"../../../Engine/Content/EngineMaterials/Widget3DPassThrough_Opaque.uasset" 170
"../../../Engine/Content/EngineMaterials/Widget3DPassThrough_Masked_OneSided.uasset" 171
"../../../Engine/Content/EngineMaterials/Widget3DPassThrough_Opaque_OneSided.uasset" 172
"../../../Engine/Content/EngineMaterials/Widget3DPassThrough_Translucent.uasset" 173
"../../../Engine/Content/EngineMaterials/Widget3DPassThrough_Translucent_OneSided.uasset" 174
"../../../Engine/Content/EngineMeshes/Cylinder.uasset" 175
"../../../Engine/Content/EngineMeshes/Sphere.uasset" 176
"../../../Engine/Content/EngineResources/Black.uasset" 177
"../../../Engine/Content/EngineResources/DefaultTexture.uasset" 178
"../../../Engine/Content/EngineResources/DefaultTextureCube.uasset" 179
"../../../Engine/Content/EngineResources/DefaultVolumeTexture2D.uasset" 180
"../../../Engine/Content/EngineResources/DefaultVolumeTexture.uasset" 181
"../../../Engine/Content/EngineResources/GradientTexture0.uasset" 182
"../../../Engine/Content/EngineSounds/Master.uasset" 183
"../../../Engine/Content/Functions/Engine_MaterialFunctions01/Shading/ConvertFromDiffSpec.uasset" 184
"../../../Engine/Content/Functions/Engine_MaterialFunctions01/Shading/PowerToRoughness.uasset" 185
"../../../Engine/Content/Maps/Templates/Thumbnails/Default.uasset" 186
"../../../Engine/Content/Maps/Templates/Thumbnails/VR-Basic.uasset" 187
"../../../Engine/Content/MobileResources/T_MobileControls_texture.uasset" 188
"../../../Engine/Content/MobileResources/T_MobileMenu2.uasset" 189
"../../../Engine/Content/MobileResources/HUD/AnalogHat.uasset" 190
"../../../Engine/Content/MobileResources/HUD/VirtualJoystick_Background.uasset" 191
"../../../Engine/Content/MobileResources/HUD/VirtualJoystick_Thumb.uasset" 192
"../../../Engine/Content/MobileResources/HUD/DefaultVirtualJoysticks.uasset" 193
"../../../Engine/Content/MobileResources/HUD/LeftVirtualJoystickOnly.uasset" 194
"../../../Engine/Content/MobileResources/HUD/MobileHUDButton1_off.uasset" 195
"../../../Engine/Content/MobileResources/HUD/MobileHUDButton1_on.uasset" 196
"../../../Engine/Content/MobileResources/HUD/MobileHUDButton2_off.uasset" 197
"../../../Engine/Content/MobileResources/HUD/MobileHUDButton2_on.uasset" 198
"../../../Engine/Content/MobileResources/HUD/MobileHUDButton3.uasset" 199
"../../../Engine/Content/MobileResources/HUD/MobileHUDButtonFire.uasset" 200
"../../../Engine/Content/MobileResources/HUD/MobileHUDDirectionPad.uasset" 201
"../../../Engine/Content/MobileResources/HUD/MobileHUDDirectionPad2.uasset" 202
"../../../Engine/Content/MobileResources/HUD/MobileHUDDirectionPad3.uasset" 203
"../../../Engine/Content/MobileResources/HUD/MobileHUDDirectionStick.uasset" 204
"../../../Engine/Content/MobileResources/HUD/T_Castle_ThumbstickInner.uasset" 205
"../../../Engine/Content/MobileResources/HUD/T_Castle_ThumbstickOutter.uasset" 206
"../../../Engine/Content/Tutorial/ContentIntroCurve.uasset" 207
"../../../Engine/Content/Tutorial/Basics/LevelEditorAttract.uasset" 208
"../../../Engine/Content/Tutorial/Basics/TutorialAssets/icon_tab_Levels_40x.uasset" 209
"../../../Engine/Content/Tutorial/Basics/LevelEditorOverview.uasset" 210
"../../../Engine/Content/Tutorial/Mobile/TutorialAssets/android_Icon.uasset" 211
"../../../Engine/Content/Tutorial/Mobile/SettingUpAndroidTutorial.uasset" 212
"../../../Engine/Content/VREditor/LaserPointer/VR_LaserPower_01.uasset" 213
"../../../Engine/Content/VREditor/TransformGizmo/TransformGizmoMaterial.uasset" 214
"../../../Engine/Content/VREditor/TransformGizmo/TranslucentTransformGizmoMaterial.uasset" 215
"../../../Engine/Content/VREditor/TransformGizmo/BoundingBoxCorner.uasset" 216
"../../../Engine/Content/VREditor/TransformGizmo/BoundingBoxEdge.uasset" 217
"../../../Engine/Content/VREditor/TransformGizmo/PlaneTranslationHandle.uasset" 218
"../../../Engine/Content/VREditor/TransformGizmo/Main.uasset" 219
"../../../Engine/Content/VREditor/TransformGizmo/Xray.uasset" 220
"../../../Engine/Content/VREditor/TransformGizmo/SM_Sequencer_Key.uasset" 221
"../../../Engine/Content/VREditor/TransformGizmo/SM_Sequencer_Node.uasset" 222
"../../Plugins/2D/Paper2D/Content/PlaceholderTextures/DummySpriteTexture.uasset" 223
"../../Plugins/2D/Paper2D/Content/DummySprite.uasset" 224
"../../Plugins/2D/Paper2D/Content/DefaultPaperTerrainMaterial.uasset" 225
"../../Plugins/2D/Paper2D/Content/DefaultSpriteMaterial.uasset" 226
"../../Plugins/2D/Paper2D/Content/MaskedUnlitSpriteMaterial.uasset" 227
"../../Plugins/2D/Paper2D/Content/OpaqueUnlitSpriteMaterial.uasset" 228
"../../Plugins/Runtime/Oculus/OculusVR/Content/OculusMR_RenderTarget.uasset" 229
"../../../Engine/Content/Functions/Engine_MaterialFunctions02/Utility/BreakOutFloat4Components.uasset" 230
"../../../Engine/Content/Functions/Engine_MaterialFunctions02/Utility/MakeFloat2.uasset" 231
"../../../Engine/Content/Functions/Engine_MaterialFunctions02/Utility/MakeFloat3.uasset" 232
"../../Plugins/Runtime/Oculus/OculusVR/Content/Materials/OculusMR_ChromaKey.uasset" 233
"../../Plugins/Runtime/Oculus/OculusVR/Content/Materials/OculusMR_ChromaKey_Lit.uasset" 234
"../../Plugins/Runtime/Oculus/OculusVR/Content/Materials/OculusMR_OpaqueColoredMaterial.uasset" 235
"../../Plugins/Runtime/Oculus/OculusVR/Content/Materials/OculusMR_WhiteMaterial.uasset" 236
"../../../Engine/Content/EditorBlueprintResources/StandardMacros.uasset" 237
"../../../../../games/UnrealEngine/need_a_light/NeedALight/Content/Items/CraftingMaterials.uasset" 238
"../../../../../games/UnrealEngine/need_a_light/NeedALight/Content/Items/ItemInfo.uasset" 239
"../../Plugins/2D/Paper2D/Content/TranslucentUnlitSpriteMaterial.uasset" 240
"../../../../../games/UnrealEngine/need_a_light/NeedALight/Content/Items/Sprites/Blue_Star.uasset" 241
"../../../../../games/UnrealEngine/need_a_light/NeedALight/Content/Items/Sprites/Blue_Star_Sprite.uasset" 242
"../../../Engine/Content/EngineFonts/Faces/DroidSansMono.uasset" 243
"../../../Engine/Content/EngineFonts/DroidSansMono.uasset" 244
"../../../../../games/UnrealEngine/need_a_light/NeedALight/Content/Widgets/PickUpObject.uasset" 245
"../../../../../games/UnrealEngine/need_a_light/NeedALight/Content/Items/BP_Item.uasset" 246
"../../../../../games/UnrealEngine/need_a_light/NeedALight/Content/Widgets/HUD/backpack.uasset" 247
"../../../../../games/UnrealEngine/need_a_light/NeedALight/Content/Widgets/HUD/Bars/Others/Vertical/Switch_0.uasset" 248
"../../../../../games/UnrealEngine/need_a_light/NeedALight/Content/Widgets/HUD/Bars/Others/Vertical/Switch_1.uasset" 249
"../../../../../games/UnrealEngine/need_a_light/NeedALight/Content/Widgets/HUD/Bars/Spells/Modulable_0.uasset" 250
"../../../../../games/UnrealEngine/need_a_light/NeedALight/Content/Widgets/HUD/x.uasset" 251
"../../../../../games/UnrealEngine/need_a_light/NeedALight/Content/Widgets/Inventory_Slot.uasset" 252
"../../../../../games/UnrealEngine/need_a_light/NeedALight/Content/Widgets/inventory.uasset" 253
"../../../../../games/UnrealEngine/need_a_light/NeedALight/Content/Widgets/mainHUD.uasset" 254
"../../../../../games/UnrealEngine/need_a_light/NeedALight/Content/Player/Animations/Walk/Images/Front_Walk_1.uasset" 255
"../../../../../games/UnrealEngine/need_a_light/NeedALight/Content/Player/Animations/Walk/Sprites/Front_Walk_1_Sprite.uasset" 256
"../../../../../games/UnrealEngine/need_a_light/NeedALight/Content/Player/Animations/Walk/Images/Front_Walk_2.uasset" 257
"../../../../../games/UnrealEngine/need_a_light/NeedALight/Content/Player/Animations/Walk/Sprites/Front_Walk_2_Sprite.uasset" 258
"../../../../../games/UnrealEngine/need_a_light/NeedALight/Content/Player/Animations/Walk/Images/Front_Walk_3.uasset" 259
"../../../../../games/UnrealEngine/need_a_light/NeedALight/Content/Player/Animations/Walk/Sprites/Front_Walk_3_Sprite.uasset" 260
"../../../../../games/UnrealEngine/need_a_light/NeedALight/Content/Player/Animations/Walk/Images/Front_Walk_4.uasset" 261
"../../../../../games/UnrealEngine/need_a_light/NeedALight/Content/Player/Animations/Walk/Sprites/Front_Walk_4_Sprite.uasset" 262
"../../../../../games/UnrealEngine/need_a_light/NeedALight/Content/Player/Animations/Walk/Front_Walk.uasset" 263
"../../../../../games/UnrealEngine/need_a_light/NeedALight/Content/Sound/Door_creak.uasset" 264
"../../../../../games/UnrealEngine/need_a_light/NeedALight/Content/Sound/Door_Slam.uasset" 265
"../../../../../games/UnrealEngine/need_a_light/NeedALight/Content/Widgets/HUD/Bars/Others/Vertical/Arrow_Down_0.uasset" 266
"../../../../../games/UnrealEngine/need_a_light/NeedALight/Content/Widgets/HUD/DialougeBOXES.uasset" 267
"../../../../../games/UnrealEngine/need_a_light/NeedALight/Content/Widgets/ChatBox.uasset" 268
"../../../../../games/UnrealEngine/need_a_light/NeedALight/Content/Player/Player.uasset" 269
"../../../../../games/UnrealEngine/need_a_light/NeedALight/Content/Items/Sprites/coin.uasset" 270
"../../Plugins/2D/Paper2D/Content/PlaceholderTextures/FlatNormalMap.uasset" 271
"../../Plugins/2D/Paper2D/Content/DefaultLitSpriteMaterial.uasset" 272
"../../../../../games/UnrealEngine/need_a_light/NeedALight/Content/Items/Sprites/coin_Sprite.uasset" 273
"../../../../../games/UnrealEngine/need_a_light/NeedALight/Content/Items/Item_Coin.uasset" 274
"../../../../../games/UnrealEngine/need_a_light/NeedALight/Content/Items/Sprites/upg_dagger.uasset" 275
"../../../../../games/UnrealEngine/need_a_light/NeedALight/Content/Items/Sprites/upg_dagger_Sprite.uasset" 276
"../../../../../games/UnrealEngine/need_a_light/NeedALight/Content/Items/Item_Knife.uasset" 277
"../../../../../games/UnrealEngine/need_a_light/NeedALight/Content/Levels/LevelTiles/Tilesheet.uasset" 278
"../../../../../games/UnrealEngine/need_a_light/NeedALight/Content/Levels/LevelTiles/Tilesheet_TileSet.uasset" 279
"../../../../../games/UnrealEngine/need_a_light/NeedALight/Content/Levels/LevelTiles/Cabin/Bath.uasset" 280
"../../../../../games/UnrealEngine/need_a_light/NeedALight/Content/Levels/LevelTiles/Cabin/Bed.uasset" 281
"../../../../../games/UnrealEngine/need_a_light/NeedALight/Content/Levels/LevelTiles/Cabin/Game.uasset" 282
"../../../../../games/UnrealEngine/need_a_light/NeedALight/Content/Levels/LevelTiles/Cabin/Kitchen.uasset" 283
"../../../../../games/UnrealEngine/need_a_light/NeedALight/Content/Levels/LevelTiles/Cabin/Living.uasset" 284
"../../../../../games/UnrealEngine/need_a_light/NeedALight/Content/Levels/TestLevelAssets/hyptosis_tile-art-batch-4.uasset" 285
"../../../../../games/UnrealEngine/need_a_light/NeedALight/Content/Levels/TestLevelAssets/hyptosis_tile-art-batch-4_TileSet.uasset" 286
"../../../../../games/UnrealEngine/need_a_light/NeedALight/Content/Levels/LevelTiles/Cabin/MainFoyer.uasset" 287
"../../../../../games/UnrealEngine/need_a_light/NeedALight/Content/Levels/LevelTiles/Cabin/Storage.uasset" 288
"../../../../../games/UnrealEngine/need_a_light/NeedALight/Content/Levels/LevelTiles/TilesheetBush.uasset" 289
"../../../../../games/UnrealEngine/need_a_light/NeedALight/Content/Levels/LevelTiles/TilesheetBush_TileSet.uasset" 290
"../../../../../games/UnrealEngine/need_a_light/NeedALight/Content/Levels/LevelTiles/Maize/Maize.uasset" 291
"../../../../../games/UnrealEngine/need_a_light/NeedALight/Content/Sound/Cabin_Music_V2.uasset" 292
"../../../../../games/UnrealEngine/need_a_light/NeedALight/Content/Sound/CabinMusic.uasset" 293
"../../../../../games/UnrealEngine/need_a_light/NeedALight/Content/Sound/Evil_Tentacles_Project_V2_Cue.uasset" 294
"../../../../../games/UnrealEngine/need_a_light/NeedALight/Content/Levels/Level1.umap" 295
"../../../../../games/UnrealEngine/need_a_light/NeedALight/Content/PC_NeedALight.uasset" 296
"../../../../../games/UnrealEngine/need_a_light/NeedALight/Content/GM_NeedALight.uasset" 297
"../../../../../games/UnrealEngine/need_a_light/NeedALight/Content/Levels/TestLevel_BuiltData.uasset" 298
"../../../../../games/UnrealEngine/need_a_light/NeedALight/Content/OutlineMaterials/PP_Outliner_Inst.uasset" 299
"../../../../../games/UnrealEngine/need_a_light/NeedALight/Content/Levels/TestLevelAssets/TileTESTMap.uasset" 300
"../../../../../games/UnrealEngine/need_a_light/NeedALight/Content/Levels/TestLevel.umap" 301
"../../../../../games/UnrealEngine/need_a_light/NeedALight/Content/Fonts/amoeba.uasset" 302
"../../../../../games/UnrealEngine/need_a_light/NeedALight/Content/Fonts/amoeba_Font.uasset" 303
"../../../../../games/UnrealEngine/need_a_light/NeedALight/Content/Fonts/RIOTACT.uasset" 304
"../../../../../games/UnrealEngine/need_a_light/NeedALight/Content/Fonts/RIOTACT_Font.uasset" 305
"../../../../../games/UnrealEngine/need_a_light/NeedALight/Content/Menu/Credits.uasset" 306
"../../../../../games/UnrealEngine/need_a_light/NeedALight/Content/Menu/Menu.uasset" 307
"../../../../../games/UnrealEngine/need_a_light/NeedALight/Content/Menu/StartMenu.umap" 308
"../../../Engine/Content/Maps/Entry_BuiltData.uasset" 309
"../../../Engine/Content/Maps/Entry.umap" 310
